android/app/build/intermediates/manifest_merge_blame_file/debug/manifest-merger-blame-debug-report.txt
1<?xml version="1.0" encoding="utf-8"?>
2<manifest xmlns:android="http://schemas.android.com/apk/res/android"
3    package="com.mytestapp"
4    android:versionCode="1"
5    android:versionName="1.0" >
6
7    <uses-sdk
8        android:minSdkVersion="21"
9        android:targetSdkVersion="31" />
10
11    <uses-permission android:name="android.permission.SYSTEM_ALERT_WINDOW" />
11-->src/debug/AndroidManifest.xml:5:5-77
11-->src/debug/AndroidManifest.xml:5:22-75
12    <uses-permission android:name="android.permission.ACCESS_NETWORK_STATE" />
12-->src/debug/AndroidManifest.xml:6:5-79
12-->src/debug/AndroidManifest.xml:6:22-76
13    <uses-permission android:name="android.permission.INTERNET" />
13-->src/main/AndroidManifest.xml:4:5-67
13-->src/main/AndroidManifest.xml:4:22-64
14    <uses-permission android:name="android.permission.ACCESS_WIFI_STATE" />
14-->[com.facebook.flipper:flipper:0.125.0] AndroidManifest.xml:16:5-76
14-->[com.facebook.flipper:flipper:0.125.0] AndroidManifest.xml:16:22-73
15    <uses-permission android:name="android.permission.ACCESS_COARSE_LOCATION" />
15-->[:react-native-amap3d] AndroidManifest.xml:12:5-81
15-->[:react-native-amap3d] AndroidManifest.xml:12:22-78
16    <uses-permission android:name="android.permission.ACCESS_FINE_LOCATION" />
16-->[:react-native-amap3d] AndroidManifest.xml:13:5-79
16-->[:react-native-amap3d] AndroidManifest.xml:13:22-76
17    <uses-permission android:name="android.permission.CHANGE_WIFI_STATE" />
17-->[:react-native-amap3d] AndroidManifest.xml:14:5-76
17-->[:react-native-amap3d] AndroidManifest.xml:14:22-73
18    <uses-permission android:name="android.permission.READ_PHONE_STATE" />
18-->[:react-native-amap-geolocation] AndroidManifest.xml:15:5-75
18-->[:react-native-amap-geolocation] AndroidManifest.xml:15:22-72
19    <uses-permission android:name="android.permission.WRITE_EXTERNAL_STORAGE" />
19-->[:react-native-amap-geolocation] AndroidManifest.xml:16:5-81
19-->[:react-native-amap-geolocation] AndroidManifest.xml:16:22-78
20    <uses-permission android:name="android.permission.ACCESS_LOCATION_EXTRA_COMMANDS" />
20-->[:react-native-amap-geolocation] AndroidManifest.xml:17:5-89
20-->[:react-native-amap-geolocation] AndroidManifest.xml:17:22-86
21    <uses-permission android:name="android.permission.BLUETOOTH" />
21-->[:react-native-amap-geolocation] AndroidManifest.xml:18:5-68
21-->[:react-native-amap-geolocation] AndroidManifest.xml:18:22-65
22    <uses-permission android:name="android.permission.BLUETOOTH_ADMIN" />
22-->[:react-native-amap-geolocation] AndroidManifest.xml:19:5-74
22-->[:react-native-amap-geolocation] AndroidManifest.xml:19:22-71
23
24    <application
24-->src/main/AndroidManifest.xml:6:5-25:19
25        android:name="com.mytestapp.MainApplication"
25-->src/main/AndroidManifest.xml:7:7-38
26        android:allowBackup="false"
26-->src/main/AndroidManifest.xml:11:7-34
27        android:appComponentFactory="androidx.core.app.CoreComponentFactory"
27-->[androidx.core:core:1.5.0] AndroidManifest.xml:24:18-86
28        android:debuggable="true"
29        android:icon="@mipmap/ic_launcher"
29-->src/main/AndroidManifest.xml:9:7-41
30        android:label="@string/app_name"
30-->src/main/AndroidManifest.xml:8:7-39
31        android:roundIcon="@mipmap/ic_launcher_round"
31-->src/main/AndroidManifest.xml:10:7-52
32        android:theme="@style/AppTheme"
32-->src/main/AndroidManifest.xml:12:7-38
33        android:usesCleartextTraffic="true" >
33-->src/debug/AndroidManifest.xml:9:9-44
34        <activity
34-->src/debug/AndroidManifest.xml:12:9-111
35            android:name="com.facebook.react.devsupport.DevSettingsActivity"
35-->src/debug/AndroidManifest.xml:12:19-83
36            android:exported="false" />
36-->src/debug/AndroidManifest.xml:12:84-108
37        <activity
37-->src/main/AndroidManifest.xml:13:7-24:18
38            android:name="com.mytestapp.MainActivity"
38-->src/main/AndroidManifest.xml:14:9-37
39            android:configChanges="keyboard|keyboardHidden|orientation|screenLayout|screenSize|smallestScreenSize|uiMode"
39-->src/main/AndroidManifest.xml:16:9-118
40            android:exported="true"
40-->src/main/AndroidManifest.xml:19:9-32
41            android:label="@string/app_name"
41-->src/main/AndroidManifest.xml:15:9-41
42            android:launchMode="singleTask"
42-->src/main/AndroidManifest.xml:17:9-40
43            android:windowSoftInputMode="adjustResize" >
43-->src/main/AndroidManifest.xml:18:9-51
44            <intent-filter>
44-->src/main/AndroidManifest.xml:20:9-23:25
45                <action android:name="android.intent.action.MAIN" />
45-->src/main/AndroidManifest.xml:21:13-65
45-->src/main/AndroidManifest.xml:21:21-62
46
47                <category android:name="android.intent.category.LAUNCHER" />
47-->src/main/AndroidManifest.xml:22:13-73
47-->src/main/AndroidManifest.xml:22:23-70
48            </intent-filter>
49        </activity>
50
51        <provider
51-->[:react-native-webview] AndroidManifest.xml:10:9-18:20
52            android:name="com.reactnativecommunity.webview.RNCWebViewFileProvider"
52-->[:react-native-webview] AndroidManifest.xml:11:13-83
53            android:authorities="com.mytestapp.fileprovider"
53-->[:react-native-webview] AndroidManifest.xml:12:13-64
54            android:exported="false"
54-->[:react-native-webview] AndroidManifest.xml:13:13-37
55            android:grantUriPermissions="true" >
55-->[:react-native-webview] AndroidManifest.xml:14:13-47
56            <meta-data
56-->[:react-native-webview] AndroidManifest.xml:15:13-17:63
57                android:name="android.support.FILE_PROVIDER_PATHS"
57-->[:react-native-webview] AndroidManifest.xml:16:17-67
58                android:resource="@xml/file_provider_paths" />
58-->[:react-native-webview] AndroidManifest.xml:17:17-60
59        </provider>
60
61        <service android:name="com.amap.api.location.APSService" />
61-->[:react-native-amap-geolocation] AndroidManifest.xml:22:9-68
61-->[:react-native-amap-geolocation] AndroidManifest.xml:22:18-65
62    </application>
63
64</manifest>